<?xml version="1.0" encoding="UTF-8"?>
<!-- Generated by org.testng.reporters.JUnitReportReporter -->
<testsuite skipped="0" hostname="WKWIN1700222" name="com.OrangeHRM.TestScript.TestLogin" tests="1" failures="0" timestamp="2019-12-05T17:38:49 IST" time="2.225" errors="0">
  <testcase name="login" time="2.225" classname="com.OrangeHRM.TestScript.TestLogin"/>
</testsuite> <!-- com.OrangeHRM.TestScript.TestLogin -->
