<?xml version="1.0" encoding="UTF-8"?>
<!-- Generated by org.testng.reporters.JUnitReportReporter -->
<testsuite skipped="0" hostname="WKWIN1700222" name="com.OrangeHRM.TestScript.TestLogin" tests="1" failures="0" timestamp="06 Dec 2019 10:33:36 GMT" time="9.444" errors="0">
  <testcase name="login" time="9.444" classname="com.OrangeHRM.TestScript.TestLogin"/>
</testsuite> <!-- com.OrangeHRM.TestScript.TestLogin -->
